<?xml version="1.0" encoding="UTF-8"?>
<testsuite name="com.codeit.kiosk.ApplicationTests" tests="1" skipped="0" failures="0" errors="0" timestamp="2025-11-19T07:45:16.501Z" hostname="MOONA" time="1.219">
  <properties/>
  <testcase name="contextLoads()" classname="com.codeit.kiosk.ApplicationTests" time="1.219"/>
  <system-out><![CDATA[16:45:05.706 [Test worker] INFO org.springframework.test.context.support.AnnotationConfigContextLoaderUtils -- Could not detect default configuration classes for test class [com.codeit.kiosk.ApplicationTests]: ApplicationTests does not declare any static, non-private, non-final, nested classes annotated with @Configuration.
16:45:06.002 [Test worker] INFO org.springframework.boot.test.context.SpringBootTestContextBootstrapper -- Found @SpringBootConfiguration com.codeit.kiosk.Application for test class com.codeit.kiosk.ApplicationTests

  .   ____          _            __ _ _
 /\\ / ___'_ __ _ _(_)_ __  __ _ \ \ \ \
( ( )\___ | '_ | '_| | '_ \/ _` | \ \ \ \
 \\/  ___)| |_)| | | | | || (_| |  ) ) ) )
  '  |____| .__|_| |_|_| |_\__, | / / / /
 =========|_|==============|___/=/_/_/_/

 :: Spring Boot ::                (v3.5.7)

2025-11-19T16:45:07.491+09:00  INFO 5748 --- [5060kiosk] [    Test worker] com.codeit.kiosk.ApplicationTests        : Starting ApplicationTests using Java 17.0.12 with PID 5748 (started by 82103 in C:\dev_source\moona_self_simulation\5060kiosk)
2025-11-19T16:45:07.495+09:00  INFO 5748 --- [5060kiosk] [    Test worker] com.codeit.kiosk.ApplicationTests        : No active profile set, falling back to 1 default profile: "default"
2025-11-19T16:45:09.476+09:00  INFO 5748 --- [5060kiosk] [    Test worker] .s.d.r.c.RepositoryConfigurationDelegate : Bootstrapping Spring Data JPA repositories in DEFAULT mode.
2025-11-19T16:45:09.550+09:00  INFO 5748 --- [5060kiosk] [    Test worker] .s.d.r.c.RepositoryConfigurationDelegate : Finished Spring Data repository scanning in 40 ms. Found 0 JPA repository interfaces.
2025-11-19T16:45:10.821+09:00  INFO 5748 --- [5060kiosk] [    Test worker] o.hibernate.jpa.internal.util.LogHelper  : HHH000204: Processing PersistenceUnitInfo [name: default]
2025-11-19T16:45:11.038+09:00  INFO 5748 --- [5060kiosk] [    Test worker] org.hibernate.Version                    : HHH000412: Hibernate ORM core version 6.6.33.Final
2025-11-19T16:45:11.164+09:00  INFO 5748 --- [5060kiosk] [    Test worker] o.h.c.internal.RegionFactoryInitiator    : HHH000026: Second-level cache disabled
2025-11-19T16:45:12.132+09:00  INFO 5748 --- [5060kiosk] [    Test worker] o.s.o.j.p.SpringPersistenceUnitInfo      : No LoadTimeWeaver setup: ignoring JPA class transformer
2025-11-19T16:45:12.231+09:00  INFO 5748 --- [5060kiosk] [    Test worker] com.zaxxer.hikari.HikariDataSource       : HikariPool-1 - Starting...
2025-11-19T16:45:12.864+09:00  INFO 5748 --- [5060kiosk] [    Test worker] com.zaxxer.hikari.pool.HikariPool        : HikariPool-1 - Added connection org.postgresql.jdbc.PgConnection@3eee08f5
2025-11-19T16:45:12.869+09:00  INFO 5748 --- [5060kiosk] [    Test worker] com.zaxxer.hikari.HikariDataSource       : HikariPool-1 - Start completed.
2025-11-19T16:45:13.082+09:00  INFO 5748 --- [5060kiosk] [    Test worker] org.hibernate.orm.connections.pooling    : HHH10001005: Database info:
	Database JDBC URL [Connecting through datasource 'HikariDataSource (HikariPool-1)']
	Database driver: undefined/unknown
	Database version: 17.6
	Autocommit mode: undefined/unknown
	Isolation level: undefined/unknown
	Minimum pool size: undefined/unknown
	Maximum pool size: undefined/unknown
2025-11-19T16:45:14.148+09:00  INFO 5748 --- [5060kiosk] [    Test worker] o.h.e.t.j.p.i.JtaPlatformInitiator       : HHH000489: No JTA platform available (set 'hibernate.transaction.jta.platform' to enable JTA platform integration)
2025-11-19T16:45:14.161+09:00  INFO 5748 --- [5060kiosk] [    Test worker] j.LocalContainerEntityManagerFactoryBean : Initialized JPA EntityManagerFactory for persistence unit 'default'
2025-11-19T16:45:14.537+09:00  WARN 5748 --- [5060kiosk] [    Test worker] JpaBaseConfiguration$JpaWebConfiguration : spring.jpa.open-in-view is enabled by default. Therefore, database queries may be performed during view rendering. Explicitly configure spring.jpa.open-in-view to disable this warning
2025-11-19T16:45:16.448+09:00  INFO 5748 --- [5060kiosk] [    Test worker] com.codeit.kiosk.ApplicationTests        : Started ApplicationTests in 9.941 seconds (process running for 13.143)
]]></system-out>
  <system-err><![CDATA[]]></system-err>
</testsuite>
